[2025-05-31 06:16:59] laravel.EMERGENCY: Unable to create configured logger. Using emergency logger. {"exception":"[object] (InvalidArgumentException(code: 0): Log [] is not defined. at C:\\MAMP\\htdocs\\laravel-WELCOME\\laravel-pro-1\\laravel-corporate-website\\services\\favorites-service\\vendor\\laravel\\framework\\src\\Illuminate\\Log\\LogManager.php:212)
[stacktrace]
#0 C:\\MAMP\\htdocs\\laravel-WELCOME\\laravel-pro-1\\laravel-corporate-website\\services\\favorites-service\\vendor\\laravel\\framework\\src\\Illuminate\\Log\\LogManager.php(137): Illuminate\\Log\\LogManager->resolve()
#1 C:\\MAMP\\htdocs\\laravel-WELCOME\\laravel-pro-1\\laravel-corporate-website\\services\\favorites-service\\vendor\\laravel\\framework\\src\\Illuminate\\Log\\LogManager.php(124): Illuminate\\Log\\LogManager->get()
#2 C:\\MAMP\\htdocs\\laravel-WELCOME\\laravel-pro-1\\laravel-corporate-website\\services\\favorites-service\\vendor\\laravel\\framework\\src\\Illuminate\\Log\\LogManager.php(681): Illuminate\\Log\\LogManager->driver()
#3 C:\\MAMP\\htdocs\\laravel-WELCOME\\laravel-pro-1\\laravel-corporate-website\\services\\favorites-service\\vendor\\laravel\\framework\\src\\Illuminate\\Foundation\\Exceptions\\Handler.php(317): Illuminate\\Log\\LogManager->error()
#4 C:\\MAMP\\htdocs\\laravel-WELCOME\\laravel-pro-1\\laravel-corporate-website\\services\\favorites-service\\vendor\\laravel\\framework\\src\\Illuminate\\Foundation\\Exceptions\\Handler.php(278): Illuminate\\Foundation\\Exceptions\\Handler->reportThrowable()
#5 C:\\MAMP\\htdocs\\laravel-WELCOME\\laravel-pro-1\\laravel-corporate-website\\services\\favorites-service\\vendor\\laravel\\framework\\src\\Illuminate\\Foundation\\Console\\Kernel.php(523): Illuminate\\Foundation\\Exceptions\\Handler->report()
#6 C:\\MAMP\\htdocs\\laravel-WELCOME\\laravel-pro-1\\laravel-corporate-website\\services\\favorites-service\\vendor\\laravel\\framework\\src\\Illuminate\\Foundation\\Console\\Kernel.php(203): Illuminate\\Foundation\\Console\\Kernel->reportException()
#7 C:\\MAMP\\htdocs\\laravel-WELCOME\\laravel-pro-1\\laravel-corporate-website\\services\\favorites-service\\artisan(24): Illuminate\\Foundation\\Console\\Kernel->handle()
#8 {main}
"} 
[2025-05-31 06:16:59] laravel.ERROR: The C:\MAMP\htdocs\laravel-WELCOME\laravel-pro-1\laravel-corporate-website\services\favorites-service\bootstrap\cache directory must be present and writable. {"exception":"[object] (Exception(code: 0): The C:\\MAMP\\htdocs\\laravel-WELCOME\\laravel-pro-1\\laravel-corporate-website\\services\\favorites-service\\bootstrap\\cache directory must be present and writable. at C:\\MAMP\\htdocs\\laravel-WELCOME\\laravel-pro-1\\laravel-corporate-website\\services\\favorites-service\\vendor\\laravel\\framework\\src\\Illuminate\\Foundation\\PackageManifest.php:178)
[stacktrace]
#0 C:\\MAMP\\htdocs\\laravel-WELCOME\\laravel-pro-1\\laravel-corporate-website\\services\\favorites-service\\vendor\\laravel\\framework\\src\\Illuminate\\Foundation\\PackageManifest.php(131): Illuminate\\Foundation\\PackageManifest->write()
#1 C:\\MAMP\\htdocs\\laravel-WELCOME\\laravel-pro-1\\laravel-corporate-website\\services\\favorites-service\\vendor\\laravel\\framework\\src\\Illuminate\\Foundation\\PackageManifest.php(107): Illuminate\\Foundation\\PackageManifest->build()
#2 C:\\MAMP\\htdocs\\laravel-WELCOME\\laravel-pro-1\\laravel-corporate-website\\services\\favorites-service\\vendor\\laravel\\framework\\src\\Illuminate\\Foundation\\PackageManifest.php(90): Illuminate\\Foundation\\PackageManifest->getManifest()
#3 C:\\MAMP\\htdocs\\laravel-WELCOME\\laravel-pro-1\\laravel-corporate-website\\services\\favorites-service\\vendor\\laravel\\framework\\src\\Illuminate\\Foundation\\PackageManifest.php(79): Illuminate\\Foundation\\PackageManifest->config()
#4 C:\\MAMP\\htdocs\\laravel-WELCOME\\laravel-pro-1\\laravel-corporate-website\\services\\favorites-service\\vendor\\laravel\\framework\\src\\Illuminate\\Foundation\\Bootstrap\\RegisterFacades.php(26): Illuminate\\Foundation\\PackageManifest->aliases()
#5 C:\\MAMP\\htdocs\\laravel-WELCOME\\laravel-pro-1\\laravel-corporate-website\\services\\favorites-service\\vendor\\laravel\\framework\\src\\Illuminate\\Foundation\\Application.php(286): Illuminate\\Foundation\\Bootstrap\\RegisterFacades->bootstrap()
#6 C:\\MAMP\\htdocs\\laravel-WELCOME\\laravel-pro-1\\laravel-corporate-website\\services\\favorites-service\\vendor\\laravel\\framework\\src\\Illuminate\\Foundation\\Console\\Kernel.php(447): Illuminate\\Foundation\\Application->bootstrapWith()
#7 C:\\MAMP\\htdocs\\laravel-WELCOME\\laravel-pro-1\\laravel-corporate-website\\services\\favorites-service\\vendor\\laravel\\framework\\src\\Illuminate\\Foundation\\Console\\Kernel.php(199): Illuminate\\Foundation\\Console\\Kernel->bootstrap()
#8 C:\\MAMP\\htdocs\\laravel-WELCOME\\laravel-pro-1\\laravel-corporate-website\\services\\favorites-service\\artisan(24): Illuminate\\Foundation\\Console\\Kernel->handle()
#9 {main}
"} 
[2025-05-31 06:17:10] laravel.EMERGENCY: Unable to create configured logger. Using emergency logger. {"exception":"[object] (InvalidArgumentException(code: 0): Log [] is not defined. at C:\\MAMP\\htdocs\\laravel-WELCOME\\laravel-pro-1\\laravel-corporate-website\\services\\favorites-service\\vendor\\laravel\\framework\\src\\Illuminate\\Log\\LogManager.php:212)
[stacktrace]
#0 C:\\MAMP\\htdocs\\laravel-WELCOME\\laravel-pro-1\\laravel-corporate-website\\services\\favorites-service\\vendor\\laravel\\framework\\src\\Illuminate\\Log\\LogManager.php(137): Illuminate\\Log\\LogManager->resolve()
#1 C:\\MAMP\\htdocs\\laravel-WELCOME\\laravel-pro-1\\laravel-corporate-website\\services\\favorites-service\\vendor\\laravel\\framework\\src\\Illuminate\\Log\\LogManager.php(124): Illuminate\\Log\\LogManager->get()
#2 C:\\MAMP\\htdocs\\laravel-WELCOME\\laravel-pro-1\\laravel-corporate-website\\services\\favorites-service\\vendor\\laravel\\framework\\src\\Illuminate\\Log\\LogManager.php(681): Illuminate\\Log\\LogManager->driver()
#3 C:\\MAMP\\htdocs\\laravel-WELCOME\\laravel-pro-1\\laravel-corporate-website\\services\\favorites-service\\vendor\\laravel\\framework\\src\\Illuminate\\Foundation\\Exceptions\\Handler.php(317): Illuminate\\Log\\LogManager->error()
#4 C:\\MAMP\\htdocs\\laravel-WELCOME\\laravel-pro-1\\laravel-corporate-website\\services\\favorites-service\\vendor\\laravel\\framework\\src\\Illuminate\\Foundation\\Exceptions\\Handler.php(278): Illuminate\\Foundation\\Exceptions\\Handler->reportThrowable()
#5 C:\\MAMP\\htdocs\\laravel-WELCOME\\laravel-pro-1\\laravel-corporate-website\\services\\favorites-service\\vendor\\nunomaduro\\collision\\src\\Adapters\\Laravel\\ExceptionHandler.php(46): Illuminate\\Foundation\\Exceptions\\Handler->report()
#6 C:\\MAMP\\htdocs\\laravel-WELCOME\\laravel-pro-1\\laravel-corporate-website\\services\\favorites-service\\vendor\\laravel\\framework\\src\\Illuminate\\Foundation\\Console\\Kernel.php(523): NunoMaduro\\Collision\\Adapters\\Laravel\\ExceptionHandler->report()
#7 C:\\MAMP\\htdocs\\laravel-WELCOME\\laravel-pro-1\\laravel-corporate-website\\services\\favorites-service\\vendor\\laravel\\framework\\src\\Illuminate\\Foundation\\Console\\Kernel.php(203): Illuminate\\Foundation\\Console\\Kernel->reportException()
#8 C:\\MAMP\\htdocs\\laravel-WELCOME\\laravel-pro-1\\laravel-corporate-website\\services\\favorites-service\\artisan(24): Illuminate\\Foundation\\Console\\Kernel->handle()
#9 {main}
"} 
[2025-05-31 06:17:10] laravel.ERROR: require(C:\MAMP\htdocs\laravel-WELCOME\laravel-pro-1\laravel-corporate-website\services\favorites-service\routes/web.php): Failed to open stream: No such file or directory {"exception":"[object] (ErrorException(code: 0): require(C:\\MAMP\\htdocs\\laravel-WELCOME\\laravel-pro-1\\laravel-corporate-website\\services\\favorites-service\\routes/web.php): Failed to open stream: No such file or directory at C:\\MAMP\\htdocs\\laravel-WELCOME\\laravel-pro-1\\laravel-corporate-website\\services\\favorites-service\\vendor\\laravel\\framework\\src\\Illuminate\\Routing\\RouteFileRegistrar.php:35)
[stacktrace]
#0 C:\\MAMP\\htdocs\\laravel-WELCOME\\laravel-pro-1\\laravel-corporate-website\\services\\favorites-service\\vendor\\laravel\\framework\\src\\Illuminate\\Foundation\\Bootstrap\\HandleExceptions.php(255): Illuminate\\Foundation\\Bootstrap\\HandleExceptions->handleError()
#1 C:\\MAMP\\htdocs\\laravel-WELCOME\\laravel-pro-1\\laravel-corporate-website\\services\\favorites-service\\vendor\\laravel\\framework\\src\\Illuminate\\Routing\\RouteFileRegistrar.php(35): Illuminate\\Foundation\\Bootstrap\\HandleExceptions->Illuminate\\Foundation\\Bootstrap\\{closure}()
#2 C:\\MAMP\\htdocs\\laravel-WELCOME\\laravel-pro-1\\laravel-corporate-website\\services\\favorites-service\\vendor\\laravel\\framework\\src\\Illuminate\\Routing\\RouteFileRegistrar.php(35): require('...')
#3 C:\\MAMP\\htdocs\\laravel-WELCOME\\laravel-pro-1\\laravel-corporate-website\\services\\favorites-service\\vendor\\laravel\\framework\\src\\Illuminate\\Routing\\Router.php(511): Illuminate\\Routing\\RouteFileRegistrar->register()
#4 C:\\MAMP\\htdocs\\laravel-WELCOME\\laravel-pro-1\\laravel-corporate-website\\services\\favorites-service\\vendor\\laravel\\framework\\src\\Illuminate\\Routing\\Router.php(465): Illuminate\\Routing\\Router->loadRoutes()
#5 C:\\MAMP\\htdocs\\laravel-WELCOME\\laravel-pro-1\\laravel-corporate-website\\services\\favorites-service\\vendor\\laravel\\framework\\src\\Illuminate\\Routing\\RouteRegistrar.php(194): Illuminate\\Routing\\Router->group()
#6 C:\\MAMP\\htdocs\\laravel-WELCOME\\laravel-pro-1\\laravel-corporate-website\\services\\favorites-service\\app\\Providers\\RouteServiceProvider.php(37): Illuminate\\Routing\\RouteRegistrar->group()
#7 C:\\MAMP\\htdocs\\laravel-WELCOME\\laravel-pro-1\\laravel-corporate-website\\services\\favorites-service\\vendor\\laravel\\framework\\src\\Illuminate\\Container\\BoundMethod.php(36): App\\Providers\\RouteServiceProvider->App\\Providers\\{closure}()
#8 C:\\MAMP\\htdocs\\laravel-WELCOME\\laravel-pro-1\\laravel-corporate-website\\services\\favorites-service\\vendor\\laravel\\framework\\src\\Illuminate\\Container\\Util.php(41): Illuminate\\Container\\BoundMethod::Illuminate\\Container\\{closure}()
#9 C:\\MAMP\\htdocs\\laravel-WELCOME\\laravel-pro-1\\laravel-corporate-website\\services\\favorites-service\\vendor\\laravel\\framework\\src\\Illuminate\\Container\\BoundMethod.php(81): Illuminate\\Container\\Util::unwrapIfClosure()
#10 C:\\MAMP\\htdocs\\laravel-WELCOME\\laravel-pro-1\\laravel-corporate-website\\services\\favorites-service\\vendor\\laravel\\framework\\src\\Illuminate\\Container\\BoundMethod.php(35): Illuminate\\Container\\BoundMethod::callBoundMethod()
#11 C:\\MAMP\\htdocs\\laravel-WELCOME\\laravel-pro-1\\laravel-corporate-website\\services\\favorites-service\\vendor\\laravel\\framework\\src\\Illuminate\\Container\\Container.php(662): Illuminate\\Container\\BoundMethod::call()
#12 C:\\MAMP\\htdocs\\laravel-WELCOME\\laravel-pro-1\\laravel-corporate-website\\services\\favorites-service\\vendor\\laravel\\framework\\src\\Illuminate\\Foundation\\Support\\Providers\\RouteServiceProvider.php(120): Illuminate\\Container\\Container->call()
#13 C:\\MAMP\\htdocs\\laravel-WELCOME\\laravel-pro-1\\laravel-corporate-website\\services\\favorites-service\\vendor\\laravel\\framework\\src\\Illuminate\\Foundation\\Support\\Providers\\RouteServiceProvider.php(45): Illuminate\\Foundation\\Support\\Providers\\RouteServiceProvider->loadRoutes()
#14 C:\\MAMP\\htdocs\\laravel-WELCOME\\laravel-pro-1\\laravel-corporate-website\\services\\favorites-service\\vendor\\laravel\\framework\\src\\Illuminate\\Container\\BoundMethod.php(36): Illuminate\\Foundation\\Support\\Providers\\RouteServiceProvider->Illuminate\\Foundation\\Support\\Providers\\{closure}()
#15 C:\\MAMP\\htdocs\\laravel-WELCOME\\laravel-pro-1\\laravel-corporate-website\\services\\favorites-service\\vendor\\laravel\\framework\\src\\Illuminate\\Container\\Util.php(41): Illuminate\\Container\\BoundMethod::Illuminate\\Container\\{closure}()
#16 C:\\MAMP\\htdocs\\laravel-WELCOME\\laravel-pro-1\\laravel-corporate-website\\services\\favorites-service\\vendor\\laravel\\framework\\src\\Illuminate\\Container\\BoundMethod.php(81): Illuminate\\Container\\Util::unwrapIfClosure()
#17 C:\\MAMP\\htdocs\\laravel-WELCOME\\laravel-pro-1\\laravel-corporate-website\\services\\favorites-service\\vendor\\laravel\\framework\\src\\Illuminate\\Container\\BoundMethod.php(35): Illuminate\\Container\\BoundMethod::callBoundMethod()
#18 C:\\MAMP\\htdocs\\laravel-WELCOME\\laravel-pro-1\\laravel-corporate-website\\services\\favorites-service\\vendor\\laravel\\framework\\src\\Illuminate\\Container\\Container.php(662): Illuminate\\Container\\BoundMethod::call()
#19 C:\\MAMP\\htdocs\\laravel-WELCOME\\laravel-pro-1\\laravel-corporate-website\\services\\favorites-service\\vendor\\laravel\\framework\\src\\Illuminate\\Support\\ServiceProvider.php(119): Illuminate\\Container\\Container->call()
#20 C:\\MAMP\\htdocs\\laravel-WELCOME\\laravel-pro-1\\laravel-corporate-website\\services\\favorites-service\\vendor\\laravel\\framework\\src\\Illuminate\\Foundation\\Application.php(1062): Illuminate\\Support\\ServiceProvider->callBootedCallbacks()
#21 C:\\MAMP\\htdocs\\laravel-WELCOME\\laravel-pro-1\\laravel-corporate-website\\services\\favorites-service\\vendor\\laravel\\framework\\src\\Illuminate\\Foundation\\Application.php(1040): Illuminate\\Foundation\\Application->bootProvider()
#22 [internal function]: Illuminate\\Foundation\\Application->Illuminate\\Foundation\\{closure}()
#23 C:\\MAMP\\htdocs\\laravel-WELCOME\\laravel-pro-1\\laravel-corporate-website\\services\\favorites-service\\vendor\\laravel\\framework\\src\\Illuminate\\Foundation\\Application.php(1039): array_walk()
#24 C:\\MAMP\\htdocs\\laravel-WELCOME\\laravel-pro-1\\laravel-corporate-website\\services\\favorites-service\\vendor\\laravel\\framework\\src\\Illuminate\\Foundation\\Bootstrap\\BootProviders.php(17): Illuminate\\Foundation\\Application->boot()
#25 C:\\MAMP\\htdocs\\laravel-WELCOME\\laravel-pro-1\\laravel-corporate-website\\services\\favorites-service\\vendor\\laravel\\framework\\src\\Illuminate\\Foundation\\Application.php(286): Illuminate\\Foundation\\Bootstrap\\BootProviders->bootstrap()
#26 C:\\MAMP\\htdocs\\laravel-WELCOME\\laravel-pro-1\\laravel-corporate-website\\services\\favorites-service\\vendor\\laravel\\framework\\src\\Illuminate\\Foundation\\Console\\Kernel.php(447): Illuminate\\Foundation\\Application->bootstrapWith()
#27 C:\\MAMP\\htdocs\\laravel-WELCOME\\laravel-pro-1\\laravel-corporate-website\\services\\favorites-service\\vendor\\laravel\\framework\\src\\Illuminate\\Foundation\\Console\\Kernel.php(199): Illuminate\\Foundation\\Console\\Kernel->bootstrap()
#28 C:\\MAMP\\htdocs\\laravel-WELCOME\\laravel-pro-1\\laravel-corporate-website\\services\\favorites-service\\artisan(24): Illuminate\\Foundation\\Console\\Kernel->handle()
#29 {main}
"} 
[2025-05-31 06:17:43] laravel.EMERGENCY: Unable to create configured logger. Using emergency logger. {"exception":"[object] (InvalidArgumentException(code: 0): Log [] is not defined. at C:\\MAMP\\htdocs\\laravel-WELCOME\\laravel-pro-1\\laravel-corporate-website\\services\\favorites-service\\vendor\\laravel\\framework\\src\\Illuminate\\Log\\LogManager.php:212)
[stacktrace]
#0 C:\\MAMP\\htdocs\\laravel-WELCOME\\laravel-pro-1\\laravel-corporate-website\\services\\favorites-service\\vendor\\laravel\\framework\\src\\Illuminate\\Log\\LogManager.php(137): Illuminate\\Log\\LogManager->resolve()
#1 C:\\MAMP\\htdocs\\laravel-WELCOME\\laravel-pro-1\\laravel-corporate-website\\services\\favorites-service\\vendor\\laravel\\framework\\src\\Illuminate\\Log\\LogManager.php(124): Illuminate\\Log\\LogManager->get()
#2 C:\\MAMP\\htdocs\\laravel-WELCOME\\laravel-pro-1\\laravel-corporate-website\\services\\favorites-service\\vendor\\laravel\\framework\\src\\Illuminate\\Log\\LogManager.php(681): Illuminate\\Log\\LogManager->driver()
#3 C:\\MAMP\\htdocs\\laravel-WELCOME\\laravel-pro-1\\laravel-corporate-website\\services\\favorites-service\\vendor\\laravel\\framework\\src\\Illuminate\\Foundation\\Exceptions\\Handler.php(317): Illuminate\\Log\\LogManager->error()
#4 C:\\MAMP\\htdocs\\laravel-WELCOME\\laravel-pro-1\\laravel-corporate-website\\services\\favorites-service\\vendor\\laravel\\framework\\src\\Illuminate\\Foundation\\Exceptions\\Handler.php(278): Illuminate\\Foundation\\Exceptions\\Handler->reportThrowable()
#5 C:\\MAMP\\htdocs\\laravel-WELCOME\\laravel-pro-1\\laravel-corporate-website\\services\\favorites-service\\vendor\\nunomaduro\\collision\\src\\Adapters\\Laravel\\ExceptionHandler.php(46): Illuminate\\Foundation\\Exceptions\\Handler->report()
#6 C:\\MAMP\\htdocs\\laravel-WELCOME\\laravel-pro-1\\laravel-corporate-website\\services\\favorites-service\\vendor\\laravel\\framework\\src\\Illuminate\\Foundation\\Console\\Kernel.php(523): NunoMaduro\\Collision\\Adapters\\Laravel\\ExceptionHandler->report()
#7 C:\\MAMP\\htdocs\\laravel-WELCOME\\laravel-pro-1\\laravel-corporate-website\\services\\favorites-service\\vendor\\laravel\\framework\\src\\Illuminate\\Foundation\\Console\\Kernel.php(203): Illuminate\\Foundation\\Console\\Kernel->reportException()
#8 C:\\MAMP\\htdocs\\laravel-WELCOME\\laravel-pro-1\\laravel-corporate-website\\services\\favorites-service\\artisan(24): Illuminate\\Foundation\\Console\\Kernel->handle()
#9 {main}
"} 
[2025-05-31 06:17:43] laravel.ERROR: require(C:\MAMP\htdocs\laravel-WELCOME\laravel-pro-1\laravel-corporate-website\services\favorites-service\routes/console.php): Failed to open stream: No such file or directory {"exception":"[object] (ErrorException(code: 0): require(C:\\MAMP\\htdocs\\laravel-WELCOME\\laravel-pro-1\\laravel-corporate-website\\services\\favorites-service\\routes/console.php): Failed to open stream: No such file or directory at C:\\MAMP\\htdocs\\laravel-WELCOME\\laravel-pro-1\\laravel-corporate-website\\services\\favorites-service\\app\\Console\\Kernel.php:25)
[stacktrace]
#0 C:\\MAMP\\htdocs\\laravel-WELCOME\\laravel-pro-1\\laravel-corporate-website\\services\\favorites-service\\vendor\\laravel\\framework\\src\\Illuminate\\Foundation\\Bootstrap\\HandleExceptions.php(255): Illuminate\\Foundation\\Bootstrap\\HandleExceptions->handleError()
#1 C:\\MAMP\\htdocs\\laravel-WELCOME\\laravel-pro-1\\laravel-corporate-website\\services\\favorites-service\\app\\Console\\Kernel.php(25): Illuminate\\Foundation\\Bootstrap\\HandleExceptions->Illuminate\\Foundation\\Bootstrap\\{closure}()
#2 C:\\MAMP\\htdocs\\laravel-WELCOME\\laravel-pro-1\\laravel-corporate-website\\services\\favorites-service\\app\\Console\\Kernel.php(25): require('...')
#3 C:\\MAMP\\htdocs\\laravel-WELCOME\\laravel-pro-1\\laravel-corporate-website\\services\\favorites-service\\vendor\\laravel\\framework\\src\\Illuminate\\Foundation\\Console\\Kernel.php(453): App\\Console\\Kernel->commands()
#4 C:\\MAMP\\htdocs\\laravel-WELCOME\\laravel-pro-1\\laravel-corporate-website\\services\\favorites-service\\vendor\\laravel\\framework\\src\\Illuminate\\Foundation\\Console\\Kernel.php(199): Illuminate\\Foundation\\Console\\Kernel->bootstrap()
#5 C:\\MAMP\\htdocs\\laravel-WELCOME\\laravel-pro-1\\laravel-corporate-website\\services\\favorites-service\\artisan(24): Illuminate\\Foundation\\Console\\Kernel->handle()
#6 {main}
"} 
[2025-05-31 06:27:18] laravel.EMERGENCY: Unable to create configured logger. Using emergency logger. {"exception":"[object] (InvalidArgumentException(code: 0): Log [] is not defined. at C:\\MAMP\\htdocs\\laravel-WELCOME\\laravel-pro-1\\laravel-corporate-website\\services\\favorites-service\\vendor\\laravel\\framework\\src\\Illuminate\\Log\\LogManager.php:212)
[stacktrace]
#0 C:\\MAMP\\htdocs\\laravel-WELCOME\\laravel-pro-1\\laravel-corporate-website\\services\\favorites-service\\vendor\\laravel\\framework\\src\\Illuminate\\Log\\LogManager.php(137): Illuminate\\Log\\LogManager->resolve()
#1 C:\\MAMP\\htdocs\\laravel-WELCOME\\laravel-pro-1\\laravel-corporate-website\\services\\favorites-service\\vendor\\laravel\\framework\\src\\Illuminate\\Log\\LogManager.php(124): Illuminate\\Log\\LogManager->get()
#2 C:\\MAMP\\htdocs\\laravel-WELCOME\\laravel-pro-1\\laravel-corporate-website\\services\\favorites-service\\vendor\\laravel\\framework\\src\\Illuminate\\Log\\LogManager.php(681): Illuminate\\Log\\LogManager->driver()
#3 C:\\MAMP\\htdocs\\laravel-WELCOME\\laravel-pro-1\\laravel-corporate-website\\services\\favorites-service\\vendor\\laravel\\framework\\src\\Illuminate\\Foundation\\Exceptions\\Handler.php(317): Illuminate\\Log\\LogManager->error()
#4 C:\\MAMP\\htdocs\\laravel-WELCOME\\laravel-pro-1\\laravel-corporate-website\\services\\favorites-service\\vendor\\laravel\\framework\\src\\Illuminate\\Foundation\\Exceptions\\Handler.php(278): Illuminate\\Foundation\\Exceptions\\Handler->reportThrowable()
#5 C:\\MAMP\\htdocs\\laravel-WELCOME\\laravel-pro-1\\laravel-corporate-website\\services\\favorites-service\\vendor\\nunomaduro\\collision\\src\\Adapters\\Laravel\\ExceptionHandler.php(46): Illuminate\\Foundation\\Exceptions\\Handler->report()
#6 C:\\MAMP\\htdocs\\laravel-WELCOME\\laravel-pro-1\\laravel-corporate-website\\services\\favorites-service\\vendor\\laravel\\framework\\src\\Illuminate\\Foundation\\Console\\Kernel.php(523): NunoMaduro\\Collision\\Adapters\\Laravel\\ExceptionHandler->report()
#7 C:\\MAMP\\htdocs\\laravel-WELCOME\\laravel-pro-1\\laravel-corporate-website\\services\\favorites-service\\vendor\\laravel\\framework\\src\\Illuminate\\Foundation\\Console\\Kernel.php(203): Illuminate\\Foundation\\Console\\Kernel->reportException()
#8 C:\\MAMP\\htdocs\\laravel-WELCOME\\laravel-pro-1\\laravel-corporate-website\\services\\favorites-service\\artisan(24): Illuminate\\Foundation\\Console\\Kernel->handle()
#9 {main}
"} 
[2025-05-31 06:27:18] laravel.ERROR: file_get_contents(C:\MAMP\htdocs\laravel-WELCOME\laravel-pro-1\laravel-corporate-website\services\favorites-service\.env): Failed to open stream: No such file or directory {"exception":"[object] (ErrorException(code: 0): file_get_contents(C:\\MAMP\\htdocs\\laravel-WELCOME\\laravel-pro-1\\laravel-corporate-website\\services\\favorites-service\\.env): Failed to open stream: No such file or directory at C:\\MAMP\\htdocs\\laravel-WELCOME\\laravel-pro-1\\laravel-corporate-website\\services\\favorites-service\\vendor\\laravel\\framework\\src\\Illuminate\\Foundation\\Console\\KeyGenerateCommand.php:100)
[stacktrace]
#0 C:\\MAMP\\htdocs\\laravel-WELCOME\\laravel-pro-1\\laravel-corporate-website\\services\\favorites-service\\vendor\\laravel\\framework\\src\\Illuminate\\Foundation\\Bootstrap\\HandleExceptions.php(255): Illuminate\\Foundation\\Bootstrap\\HandleExceptions->handleError()
#1 [internal function]: Illuminate\\Foundation\\Bootstrap\\HandleExceptions->Illuminate\\Foundation\\Bootstrap\\{closure}()
#2 C:\\MAMP\\htdocs\\laravel-WELCOME\\laravel-pro-1\\laravel-corporate-website\\services\\favorites-service\\vendor\\laravel\\framework\\src\\Illuminate\\Foundation\\Console\\KeyGenerateCommand.php(100): file_get_contents()
#3 C:\\MAMP\\htdocs\\laravel-WELCOME\\laravel-pro-1\\laravel-corporate-website\\services\\favorites-service\\vendor\\laravel\\framework\\src\\Illuminate\\Foundation\\Console\\KeyGenerateCommand.php(82): Illuminate\\Foundation\\Console\\KeyGenerateCommand->writeNewEnvironmentFileWith()
#4 C:\\MAMP\\htdocs\\laravel-WELCOME\\laravel-pro-1\\laravel-corporate-website\\services\\favorites-service\\vendor\\laravel\\framework\\src\\Illuminate\\Foundation\\Console\\KeyGenerateCommand.php(47): Illuminate\\Foundation\\Console\\KeyGenerateCommand->setKeyInEnvironmentFile()
#5 C:\\MAMP\\htdocs\\laravel-WELCOME\\laravel-pro-1\\laravel-corporate-website\\services\\favorites-service\\vendor\\laravel\\framework\\src\\Illuminate\\Container\\BoundMethod.php(36): Illuminate\\Foundation\\Console\\KeyGenerateCommand->handle()
#6 C:\\MAMP\\htdocs\\laravel-WELCOME\\laravel-pro-1\\laravel-corporate-website\\services\\favorites-service\\vendor\\laravel\\framework\\src\\Illuminate\\Container\\Util.php(41): Illuminate\\Container\\BoundMethod::Illuminate\\Container\\{closure}()
#7 C:\\MAMP\\htdocs\\laravel-WELCOME\\laravel-pro-1\\laravel-corporate-website\\services\\favorites-service\\vendor\\laravel\\framework\\src\\Illuminate\\Container\\BoundMethod.php(93): Illuminate\\Container\\Util::unwrapIfClosure()
#8 C:\\MAMP\\htdocs\\laravel-WELCOME\\laravel-pro-1\\laravel-corporate-website\\services\\favorites-service\\vendor\\laravel\\framework\\src\\Illuminate\\Container\\BoundMethod.php(35): Illuminate\\Container\\BoundMethod::callBoundMethod()
#9 C:\\MAMP\\htdocs\\laravel-WELCOME\\laravel-pro-1\\laravel-corporate-website\\services\\favorites-service\\vendor\\laravel\\framework\\src\\Illuminate\\Container\\Container.php(662): Illuminate\\Container\\BoundMethod::call()
#10 C:\\MAMP\\htdocs\\laravel-WELCOME\\laravel-pro-1\\laravel-corporate-website\\services\\favorites-service\\vendor\\laravel\\framework\\src\\Illuminate\\Console\\Command.php(211): Illuminate\\Container\\Container->call()
#11 C:\\MAMP\\htdocs\\laravel-WELCOME\\laravel-pro-1\\laravel-corporate-website\\services\\favorites-service\\vendor\\symfony\\console\\Command\\Command.php(326): Illuminate\\Console\\Command->execute()
#12 C:\\MAMP\\htdocs\\laravel-WELCOME\\laravel-pro-1\\laravel-corporate-website\\services\\favorites-service\\vendor\\laravel\\framework\\src\\Illuminate\\Console\\Command.php(180): Symfony\\Component\\Console\\Command\\Command->run()
#13 C:\\MAMP\\htdocs\\laravel-WELCOME\\laravel-pro-1\\laravel-corporate-website\\services\\favorites-service\\vendor\\symfony\\console\\Application.php(1096): Illuminate\\Console\\Command->run()
#14 C:\\MAMP\\htdocs\\laravel-WELCOME\\laravel-pro-1\\laravel-corporate-website\\services\\favorites-service\\vendor\\symfony\\console\\Application.php(324): Symfony\\Component\\Console\\Application->doRunCommand()
#15 C:\\MAMP\\htdocs\\laravel-WELCOME\\laravel-pro-1\\laravel-corporate-website\\services\\favorites-service\\vendor\\symfony\\console\\Application.php(175): Symfony\\Component\\Console\\Application->doRun()
#16 C:\\MAMP\\htdocs\\laravel-WELCOME\\laravel-pro-1\\laravel-corporate-website\\services\\favorites-service\\vendor\\laravel\\framework\\src\\Illuminate\\Foundation\\Console\\Kernel.php(201): Symfony\\Component\\Console\\Application->run()
#17 C:\\MAMP\\htdocs\\laravel-WELCOME\\laravel-pro-1\\laravel-corporate-website\\services\\favorites-service\\artisan(24): Illuminate\\Foundation\\Console\\Kernel->handle()
#18 {main}
"} 
[2025-05-31 06:57:27] laravel.EMERGENCY: Unable to create configured logger. Using emergency logger. {"exception":"[object] (InvalidArgumentException(code: 0): Log [] is not defined. at C:\\MAMP\\htdocs\\laravel-WELCOME\\laravel-pro-1\\laravel-corporate-website\\services\\favorites-service\\vendor\\laravel\\framework\\src\\Illuminate\\Log\\LogManager.php:212)
[stacktrace]
#0 C:\\MAMP\\htdocs\\laravel-WELCOME\\laravel-pro-1\\laravel-corporate-website\\services\\favorites-service\\vendor\\laravel\\framework\\src\\Illuminate\\Log\\LogManager.php(137): Illuminate\\Log\\LogManager->resolve()
#1 C:\\MAMP\\htdocs\\laravel-WELCOME\\laravel-pro-1\\laravel-corporate-website\\services\\favorites-service\\vendor\\laravel\\framework\\src\\Illuminate\\Log\\LogManager.php(124): Illuminate\\Log\\LogManager->get()
#2 C:\\MAMP\\htdocs\\laravel-WELCOME\\laravel-pro-1\\laravel-corporate-website\\services\\favorites-service\\vendor\\laravel\\framework\\src\\Illuminate\\Log\\LogManager.php(681): Illuminate\\Log\\LogManager->driver()
#3 C:\\MAMP\\htdocs\\laravel-WELCOME\\laravel-pro-1\\laravel-corporate-website\\services\\favorites-service\\vendor\\laravel\\framework\\src\\Illuminate\\Foundation\\Exceptions\\Handler.php(317): Illuminate\\Log\\LogManager->error()
#4 C:\\MAMP\\htdocs\\laravel-WELCOME\\laravel-pro-1\\laravel-corporate-website\\services\\favorites-service\\vendor\\laravel\\framework\\src\\Illuminate\\Foundation\\Exceptions\\Handler.php(278): Illuminate\\Foundation\\Exceptions\\Handler->reportThrowable()
#5 C:\\MAMP\\htdocs\\laravel-WELCOME\\laravel-pro-1\\laravel-corporate-website\\services\\favorites-service\\vendor\\nunomaduro\\collision\\src\\Adapters\\Laravel\\ExceptionHandler.php(46): Illuminate\\Foundation\\Exceptions\\Handler->report()
#6 C:\\MAMP\\htdocs\\laravel-WELCOME\\laravel-pro-1\\laravel-corporate-website\\services\\favorites-service\\vendor\\laravel\\framework\\src\\Illuminate\\Foundation\\Console\\Kernel.php(523): NunoMaduro\\Collision\\Adapters\\Laravel\\ExceptionHandler->report()
#7 C:\\MAMP\\htdocs\\laravel-WELCOME\\laravel-pro-1\\laravel-corporate-website\\services\\favorites-service\\vendor\\laravel\\framework\\src\\Illuminate\\Foundation\\Console\\Kernel.php(203): Illuminate\\Foundation\\Console\\Kernel->reportException()
#8 C:\\MAMP\\htdocs\\laravel-WELCOME\\laravel-pro-1\\laravel-corporate-website\\services\\favorites-service\\artisan(24): Illuminate\\Foundation\\Console\\Kernel->handle()
#9 {main}
"} 
[2025-05-31 06:57:27] laravel.ERROR: PHP Parse error: Syntax error, unexpected T_NS_SEPARATOR, expecting ')' on line 1 {"exception":"[object] (Psy\\Exception\\ParseErrorException(code: 0): PHP Parse error: Syntax error, unexpected T_NS_SEPARATOR, expecting ')' on line 1 at C:\\MAMP\\htdocs\\laravel-WELCOME\\laravel-pro-1\\laravel-corporate-website\\services\\favorites-service\\vendor\\psy\\psysh\\src\\Exception\\ParseErrorException.php:44)
[stacktrace]
#0 C:\\MAMP\\htdocs\\laravel-WELCOME\\laravel-pro-1\\laravel-corporate-website\\services\\favorites-service\\vendor\\psy\\psysh\\src\\CodeCleaner.php(306): Psy\\Exception\\ParseErrorException::fromParseError()
#1 C:\\MAMP\\htdocs\\laravel-WELCOME\\laravel-pro-1\\laravel-corporate-website\\services\\favorites-service\\vendor\\psy\\psysh\\src\\CodeCleaner.php(240): Psy\\CodeCleaner->parse()
#2 C:\\MAMP\\htdocs\\laravel-WELCOME\\laravel-pro-1\\laravel-corporate-website\\services\\favorites-service\\vendor\\psy\\psysh\\src\\Shell.php(852): Psy\\CodeCleaner->clean()
#3 C:\\MAMP\\htdocs\\laravel-WELCOME\\laravel-pro-1\\laravel-corporate-website\\services\\favorites-service\\vendor\\psy\\psysh\\src\\Shell.php(881): Psy\\Shell->addCode()
#4 C:\\MAMP\\htdocs\\laravel-WELCOME\\laravel-pro-1\\laravel-corporate-website\\services\\favorites-service\\vendor\\psy\\psysh\\src\\Shell.php(1390): Psy\\Shell->setCode()
#5 C:\\MAMP\\htdocs\\laravel-WELCOME\\laravel-pro-1\\laravel-corporate-website\\services\\favorites-service\\vendor\\laravel\\tinker\\src\\Console\\TinkerCommand.php(76): Psy\\Shell->execute()
#6 C:\\MAMP\\htdocs\\laravel-WELCOME\\laravel-pro-1\\laravel-corporate-website\\services\\favorites-service\\vendor\\laravel\\framework\\src\\Illuminate\\Container\\BoundMethod.php(36): Laravel\\Tinker\\Console\\TinkerCommand->handle()
#7 C:\\MAMP\\htdocs\\laravel-WELCOME\\laravel-pro-1\\laravel-corporate-website\\services\\favorites-service\\vendor\\laravel\\framework\\src\\Illuminate\\Container\\Util.php(41): Illuminate\\Container\\BoundMethod::Illuminate\\Container\\{closure}()
#8 C:\\MAMP\\htdocs\\laravel-WELCOME\\laravel-pro-1\\laravel-corporate-website\\services\\favorites-service\\vendor\\laravel\\framework\\src\\Illuminate\\Container\\BoundMethod.php(93): Illuminate\\Container\\Util::unwrapIfClosure()
#9 C:\\MAMP\\htdocs\\laravel-WELCOME\\laravel-pro-1\\laravel-corporate-website\\services\\favorites-service\\vendor\\laravel\\framework\\src\\Illuminate\\Container\\BoundMethod.php(35): Illuminate\\Container\\BoundMethod::callBoundMethod()
#10 C:\\MAMP\\htdocs\\laravel-WELCOME\\laravel-pro-1\\laravel-corporate-website\\services\\favorites-service\\vendor\\laravel\\framework\\src\\Illuminate\\Container\\Container.php(662): Illuminate\\Container\\BoundMethod::call()
#11 C:\\MAMP\\htdocs\\laravel-WELCOME\\laravel-pro-1\\laravel-corporate-website\\services\\favorites-service\\vendor\\laravel\\framework\\src\\Illuminate\\Console\\Command.php(211): Illuminate\\Container\\Container->call()
#12 C:\\MAMP\\htdocs\\laravel-WELCOME\\laravel-pro-1\\laravel-corporate-website\\services\\favorites-service\\vendor\\symfony\\console\\Command\\Command.php(326): Illuminate\\Console\\Command->execute()
#13 C:\\MAMP\\htdocs\\laravel-WELCOME\\laravel-pro-1\\laravel-corporate-website\\services\\favorites-service\\vendor\\laravel\\framework\\src\\Illuminate\\Console\\Command.php(180): Symfony\\Component\\Console\\Command\\Command->run()
#14 C:\\MAMP\\htdocs\\laravel-WELCOME\\laravel-pro-1\\laravel-corporate-website\\services\\favorites-service\\vendor\\symfony\\console\\Application.php(1096): Illuminate\\Console\\Command->run()
#15 C:\\MAMP\\htdocs\\laravel-WELCOME\\laravel-pro-1\\laravel-corporate-website\\services\\favorites-service\\vendor\\symfony\\console\\Application.php(324): Symfony\\Component\\Console\\Application->doRunCommand()
#16 C:\\MAMP\\htdocs\\laravel-WELCOME\\laravel-pro-1\\laravel-corporate-website\\services\\favorites-service\\vendor\\symfony\\console\\Application.php(175): Symfony\\Component\\Console\\Application->doRun()
#17 C:\\MAMP\\htdocs\\laravel-WELCOME\\laravel-pro-1\\laravel-corporate-website\\services\\favorites-service\\vendor\\laravel\\framework\\src\\Illuminate\\Foundation\\Console\\Kernel.php(201): Symfony\\Component\\Console\\Application->run()
#18 C:\\MAMP\\htdocs\\laravel-WELCOME\\laravel-pro-1\\laravel-corporate-website\\services\\favorites-service\\artisan(24): Illuminate\\Foundation\\Console\\Kernel->handle()
#19 {main}
"} 
